2022-09-12 13:51:50,984 INFO    MainThread:361 [wandb_setup.py:_flush():68] Configure stats pid to 361
2022-09-12 13:51:50,985 INFO    MainThread:361 [wandb_setup.py:_flush():68] Loading settings from /root/.config/wandb/settings
2022-09-12 13:51:50,985 INFO    MainThread:361 [wandb_setup.py:_flush():68] Loading settings from /content/drive/MyDrive/second_layer_ai_model/SketchAI/SketchAI/wandb/settings
2022-09-12 13:51:50,985 INFO    MainThread:361 [wandb_setup.py:_flush():68] Loading settings from environment variables: {'_require_service': 'True'}
2022-09-12 13:51:50,985 INFO    MainThread:361 [wandb_setup.py:_flush():68] Inferring run settings from compute environment: {'program': '<python with no main file>'}
2022-09-12 13:51:50,985 INFO    MainThread:361 [wandb_setup.py:_flush():68] Applying login settings: {'api_key': '***REDACTED***'}
2022-09-12 13:51:50,988 INFO    MainThread:361 [wandb_init.py:_log_setup():476] Logging user logs to /content/drive/MyDrive/second_layer_ai_model/SketchAI/SketchAI/wandb/run-20220912_135150-rr17br0s/logs/debug.log
2022-09-12 13:51:50,988 INFO    MainThread:361 [wandb_init.py:_log_setup():477] Logging internal logs to /content/drive/MyDrive/second_layer_ai_model/SketchAI/SketchAI/wandb/run-20220912_135150-rr17br0s/logs/debug-internal.log
2022-09-12 13:51:50,989 INFO    MainThread:361 [wandb_init.py:_jupyter_setup():426] configuring jupyter hooks <wandb.sdk.wandb_init._WandbInit object at 0x7f8d70701f90>
2022-09-12 13:51:50,990 INFO    MainThread:361 [wandb_init.py:init():516] calling init triggers
2022-09-12 13:51:50,990 INFO    MainThread:361 [wandb_init.py:init():520] wandb.init called with sweep_config: {}
config: {'project_name': 'shape recognition - bidirectional rnn for arrow clf', 'pad': True, 'include_fingerup': False, 'model_inputs': 'coord_and_tang', 'test_size': 0.2, 'load_mode': 'train', 'augmentFactor': 6, 'dataFile': '/content/drive/MyDrive/second_layer_ai_model/SketchAI/SketchAI/dataset/NapkinData/train.json', 'batchSize': 64, 'useSaliency': False, 'isResample': False, 'modelPath': '/content/drive/MyDrive/second_layer_ai_model/SketchAI/SketchAI/checkpoints/models/separate_arrow_module'}
2022-09-12 13:51:50,990 INFO    MainThread:361 [wandb_init.py:init():569] starting backend
2022-09-12 13:51:50,990 INFO    MainThread:361 [wandb_init.py:init():573] setting up manager
2022-09-12 13:51:51,000 INFO    MainThread:361 [backend.py:_multiprocessing_setup():104] multiprocessing start_methods=fork,spawn,forkserver, using: spawn
2022-09-12 13:51:51,011 INFO    MainThread:361 [wandb_init.py:init():580] backend started and connected
2022-09-12 13:51:51,102 INFO    MainThread:361 [wandb_run.py:_label_probe_notebook():1098] probe notebook
2022-09-12 13:51:52,097 INFO    MainThread:361 [wandb_init.py:init():658] updated telemetry
2022-09-12 13:51:55,808 INFO    MainThread:361 [wandb_init.py:init():693] communicating run to backend with 30 second timeout
2022-09-12 13:51:55,988 INFO    MainThread:361 [wandb_run.py:_on_init():1974] communicating current version
2022-09-12 13:51:56,077 INFO    MainThread:361 [wandb_run.py:_on_init():1978] got version response 
2022-09-12 13:51:56,078 INFO    MainThread:361 [wandb_init.py:init():727] starting run threads in backend
2022-09-12 13:51:56,287 INFO    MainThread:361 [wandb_run.py:_console_start():1954] atexit reg
2022-09-12 13:51:56,288 INFO    MainThread:361 [wandb_run.py:_redirect():1812] redirect: SettingsConsole.WRAP_RAW
2022-09-12 13:51:56,292 INFO    MainThread:361 [wandb_run.py:_redirect():1877] Wrapping output streams.
2022-09-12 13:51:56,292 INFO    MainThread:361 [wandb_run.py:_redirect():1899] Redirects installed.
2022-09-12 13:51:56,293 INFO    MainThread:361 [wandb_init.py:init():764] run started, returning control to user process
2022-09-12 13:51:56,295 INFO    MainThread:361 [wandb_init.py:_pause_backend():389] pausing backend
2022-09-12 13:51:56,295 INFO    MainThread:361 [jupyter.py:save_ipynb():378] not saving jupyter notebook
2022-09-12 13:51:56,332 INFO    MainThread:361 [wandb_init.py:_resume_backend():398] resuming backend
2022-09-12 13:52:06,229 INFO    MainThread:361 [wandb_init.py:_pause_backend():389] pausing backend
2022-09-12 13:52:06,232 INFO    MainThread:361 [jupyter.py:save_ipynb():378] not saving jupyter notebook
2022-09-12 13:52:06,252 INFO    MainThread:361 [wandb_init.py:_resume_backend():398] resuming backend
2022-09-12 13:52:06,273 INFO    MainThread:361 [wandb_init.py:_pause_backend():389] pausing backend
2022-09-12 13:52:06,273 INFO    MainThread:361 [jupyter.py:save_ipynb():378] not saving jupyter notebook
2022-09-12 13:52:06,295 INFO    MainThread:361 [wandb_init.py:_resume_backend():398] resuming backend
2022-09-12 13:52:07,089 INFO    MainThread:361 [wandb_init.py:_pause_backend():389] pausing backend
2022-09-12 13:52:07,090 INFO    MainThread:361 [jupyter.py:save_ipynb():378] not saving jupyter notebook
2022-09-12 13:52:07,099 INFO    MainThread:361 [wandb_init.py:_resume_backend():398] resuming backend
2022-09-12 13:52:07,195 INFO    MainThread:361 [wandb_init.py:_pause_backend():389] pausing backend
2022-09-12 13:52:07,196 INFO    MainThread:361 [jupyter.py:save_ipynb():378] not saving jupyter notebook
2022-09-12 13:52:07,215 INFO    MainThread:361 [wandb_init.py:_resume_backend():398] resuming backend
